app/build/intermediates/manifest_merge_blame_file/release/manifest-merger-blame-release-report.txt
1<?xml version="1.0" encoding="utf-8"?>
2<manifest xmlns:android="http://schemas.android.com/apk/res/android"
3    package="com.maths.beyond_school_280720220930"
4    android:versionCode="7"
5    android:versionName="1.7" >
6
7    <uses-sdk
8        android:minSdkVersion="21"
8-->src\main\AndroidManifest.xml
9        android:targetSdkVersion="31" />
9-->src\main\AndroidManifest.xml
10
11    <uses-permission android:name="android.permission.INTERNET" />
11-->src\main\AndroidManifest.xml:5:5-67
11-->src\main\AndroidManifest.xml:5:22-64
12    <uses-permission android:name="android.permission.RECORD_AUDIO" />
12-->src\main\AndroidManifest.xml:6:5-71
12-->src\main\AndroidManifest.xml:6:22-68
13    <uses-permission android:name="android.permission.MODIFY_AUDIO_SETTINGS" />
13-->src\main\AndroidManifest.xml:7:5-80
13-->src\main\AndroidManifest.xml:7:22-77
14    <uses-permission android:name="android.permission.WRITE_EXTERNAL_STORAGE" />
14-->src\main\AndroidManifest.xml:8:5-81
14-->src\main\AndroidManifest.xml:8:22-78
15    <uses-permission android:name="android.permission.READ_EXTERNAL_STORAGE" />
15-->src\main\AndroidManifest.xml:9:5-80
15-->src\main\AndroidManifest.xml:9:22-77
16    <uses-permission android:name="android.permission.WAKE_LOCK" />
16-->src\main\AndroidManifest.xml:10:5-68
16-->src\main\AndroidManifest.xml:10:22-65
17    <uses-permission android:name="android.permission.SCHEDULE_EXACT_ALARM" />
17-->src\main\AndroidManifest.xml:11:5-79
17-->src\main\AndroidManifest.xml:11:22-76
18    <uses-permission android:name="com.android.alarm.permission.SET_ALARM" />
18-->src\main\AndroidManifest.xml:12:5-78
18-->src\main\AndroidManifest.xml:12:22-75
19    <uses-permission android:name="android.permission.ACCESS_NETWORK_STATE" />
19-->src\main\AndroidManifest.xml:13:5-79
19-->src\main\AndroidManifest.xml:13:22-76
20    <uses-permission android:name="android.permission.USE_EXACT_ALARM" />
20-->src\main\AndroidManifest.xml:14:5-74
20-->src\main\AndroidManifest.xml:14:22-71
21
22    <uses-permission-sdk-23 android:name="android.permission.WAKE_LOCK" />
22-->src\main\AndroidManifest.xml:16:5-75
22-->src\main\AndroidManifest.xml:16:29-72
23
24    <queries>
24-->src\main\AndroidManifest.xml:18:5-20:15
25        <package android:name="com.google.android.googlequicksearchbox" />
25-->src\main\AndroidManifest.xml:19:9-75
25-->src\main\AndroidManifest.xml:19:18-72
26    </queries>
27    <queries>
27-->src\main\AndroidManifest.xml:18:5-20:15
28        <intent>
28-->src\main\AndroidManifest.xml:22:9-24:18
29            <action android:name="android.speech.RecognitionService" />
29-->src\main\AndroidManifest.xml:23:13-72
29-->src\main\AndroidManifest.xml:23:21-69
30        </intent>
31    </queries>
32    <queries>
32-->src\main\AndroidManifest.xml:18:5-20:15
33        <intent>
33-->src\main\AndroidManifest.xml:27:9-29:18
34            <action android:name="android.intent.action.TTS_SERVICE" />
34-->src\main\AndroidManifest.xml:28:13-72
34-->src\main\AndroidManifest.xml:28:21-69
35        </intent>
36    </queries>
37
38    <uses-permission android:name="com.google.android.gms.permission.AD_ID" />
38-->[com.google.android.gms:play-services-measurement-api:21.1.0] AndroidManifest.xml:25:5-79
38-->[com.google.android.gms:play-services-measurement-api:21.1.0] AndroidManifest.xml:25:22-76
39    <uses-permission android:name="com.google.android.finsky.permission.BIND_GET_INSTALL_REFERRER_SERVICE" />
39-->[com.google.android.gms:play-services-measurement:21.1.0] AndroidManifest.xml:26:5-110
39-->[com.google.android.gms:play-services-measurement:21.1.0] AndroidManifest.xml:26:22-107
40
41    <application
41-->src\main\AndroidManifest.xml:32:5-115:19
42        android:allowBackup="true"
42-->src\main\AndroidManifest.xml:33:9-35
43        android:appComponentFactory="androidx.core.app.CoreComponentFactory"
43-->[androidx.core:core:1.7.0] AndroidManifest.xml:24:18-86
44        android:icon="@drawable/logo_final"
44-->src\main\AndroidManifest.xml:34:9-44
45        android:label="@string/app_name"
45-->src\main\AndroidManifest.xml:35:9-41
46        android:roundIcon="@drawable/logo_final"
46-->src\main\AndroidManifest.xml:36:9-49
47        android:supportsRtl="true"
47-->src\main\AndroidManifest.xml:37:9-35
48        android:theme="@style/Theme.BEYOND_SCHOOL" >
48-->src\main\AndroidManifest.xml:38:9-51
49        <activity
49-->src\main\AndroidManifest.xml:39:9-41:40
50            android:name="com.maths.beyond_school_280720220930.PrivacyPolicy"
50-->src\main\AndroidManifest.xml:40:13-42
51            android:exported="false" />
51-->src\main\AndroidManifest.xml:41:13-37
52        <activity
52-->src\main\AndroidManifest.xml:42:9-44:40
53            android:name="com.maths.beyond_school_280720220930.AdditionActivity"
53-->src\main\AndroidManifest.xml:43:13-45
54            android:exported="false" />
54-->src\main\AndroidManifest.xml:44:13-37
55        <activity
55-->src\main\AndroidManifest.xml:45:9-47:40
56            android:name="com.maths.beyond_school_280720220930.KidsInfoActivity"
56-->src\main\AndroidManifest.xml:46:13-45
57            android:exported="false" />
57-->src\main\AndroidManifest.xml:47:13-37
58        <activity
58-->src\main\AndroidManifest.xml:48:9-50:40
59            android:name="com.maths.beyond_school_280720220930.ProfileActivity"
59-->src\main\AndroidManifest.xml:49:13-44
60            android:exported="false" />
60-->src\main\AndroidManifest.xml:50:13-37
61        <activity
61-->src\main\AndroidManifest.xml:51:9-53:40
62            android:name="com.maths.beyond_school_280720220930.SettingsActivity"
62-->src\main\AndroidManifest.xml:52:13-45
63            android:exported="false" />
63-->src\main\AndroidManifest.xml:53:13-37
64        <activity
64-->src\main\AndroidManifest.xml:54:9-56:40
65            android:name="com.maths.beyond_school_280720220930.AlarmAtTime"
65-->src\main\AndroidManifest.xml:55:13-40
66            android:exported="false" />
66-->src\main\AndroidManifest.xml:56:13-37
67        <activity
67-->src\main\AndroidManifest.xml:57:9-59:40
68            android:name="com.maths.beyond_school_280720220930.LoginSignupActivity"
68-->src\main\AndroidManifest.xml:58:13-48
69            android:exported="false" />
69-->src\main\AndroidManifest.xml:59:13-37
70        <activity
70-->src\main\AndroidManifest.xml:60:9-62:40
71            android:name="com.maths.beyond_school_280720220930.LogActivity"
71-->src\main\AndroidManifest.xml:61:13-40
72            android:exported="false" />
72-->src\main\AndroidManifest.xml:62:13-37
73        <activity
73-->src\main\AndroidManifest.xml:63:9-72:20
74            android:name="com.maths.beyond_school_280720220930.SplashScreen"
74-->src\main\AndroidManifest.xml:64:13-41
75            android:exported="true" >
75-->src\main\AndroidManifest.xml:65:13-36
76            <intent-filter>
76-->src\main\AndroidManifest.xml:67:13-71:29
77                <action android:name="android.intent.action.MAIN" />
77-->src\main\AndroidManifest.xml:68:17-69
77-->src\main\AndroidManifest.xml:68:25-66
78
79                <category android:name="android.intent.category.LAUNCHER" />
79-->src\main\AndroidManifest.xml:70:17-77
79-->src\main\AndroidManifest.xml:70:27-74
80            </intent-filter>
81        </activity>
82        <activity
82-->src\main\AndroidManifest.xml:73:9-75:39
83            android:name="com.maths.beyond_school_280720220930.Random_questions"
83-->src\main\AndroidManifest.xml:74:13-45
84            android:exported="true" />
84-->src\main\AndroidManifest.xml:75:13-36
85        <activity
85-->src\main\AndroidManifest.xml:76:9-79:58
86            android:name="com.maths.beyond_school_280720220930.DashBoardActivity"
86-->src\main\AndroidManifest.xml:77:13-46
87            android:exported="true"
87-->src\main\AndroidManifest.xml:78:13-36
88            android:parentActivityName="com.maths.beyond_school_280720220930.MainActivity" />
88-->src\main\AndroidManifest.xml:79:13-55
89        <activity
89-->src\main\AndroidManifest.xml:80:9-82:39
90            android:name="com.maths.beyond_school_280720220930.TestActivity"
90-->src\main\AndroidManifest.xml:81:13-41
91            android:exported="true" />
91-->src\main\AndroidManifest.xml:82:13-36
92        <activity
92-->src\main\AndroidManifest.xml:83:9-85:39
93            android:name="com.maths.beyond_school_280720220930.ScoreActivity"
93-->src\main\AndroidManifest.xml:84:13-42
94            android:exported="true" />
94-->src\main\AndroidManifest.xml:85:13-36
95        <activity
95-->src\main\AndroidManifest.xml:86:9-89:58
96            android:name="com.maths.beyond_school_280720220930.select_action"
96-->src\main\AndroidManifest.xml:87:13-42
97            android:exported="true"
97-->src\main\AndroidManifest.xml:88:13-36
98            android:parentActivityName="com.maths.beyond_school_280720220930.MainActivity" />
98-->src\main\AndroidManifest.xml:89:13-55
99        <activity
99-->src\main\AndroidManifest.xml:90:9-93:47
100            android:name="com.maths.beyond_school_280720220930.table_questions"
100-->src\main\AndroidManifest.xml:91:13-44
101            android:exported="true"
101-->src\main\AndroidManifest.xml:92:13-36
102            android:showOnLockScreen="true" />
102-->src\main\AndroidManifest.xml:93:13-44
103        <activity
103-->src\main\AndroidManifest.xml:94:9-97:47
104            android:name="com.maths.beyond_school_280720220930.table_with_hint"
104-->src\main\AndroidManifest.xml:95:13-44
105            android:exported="true"
105-->src\main\AndroidManifest.xml:96:13-36
106            android:showOnLockScreen="true" />
106-->src\main\AndroidManifest.xml:97:13-44
107        <activity
107-->src\main\AndroidManifest.xml:98:9-101:47
108            android:name="com.maths.beyond_school_280720220930.MainActivity"
108-->src\main\AndroidManifest.xml:99:13-41
109            android:exported="true"
109-->src\main\AndroidManifest.xml:100:13-36
110            android:showOnLockScreen="true" />
110-->src\main\AndroidManifest.xml:101:13-44
111
112        <service
112-->src\main\AndroidManifest.xml:103:9-105:44
113            android:name="com.maths.beyond_school_280720220930.ClearService"
113-->src\main\AndroidManifest.xml:104:13-41
114            android:stopWithTask="false" />
114-->src\main\AndroidManifest.xml:105:13-41
115
116        <receiver
116-->src\main\AndroidManifest.xml:107:9-114:20
117            android:name="com.maths.beyond_school_280720220930.model.AlarmReceiver"
117-->src\main\AndroidManifest.xml:108:13-48
118            android:exported="false"
118-->src\main\AndroidManifest.xml:109:13-37
119            android:process=":remote" >
119-->src\main\AndroidManifest.xml:110:13-38
120            <intent-filter>
120-->src\main\AndroidManifest.xml:111:13-113:29
121                <action android:name="android.app.action.SCHEDULE_EXACT_ALARM_PERMISSION_STATE_CHANGED" />
121-->src\main\AndroidManifest.xml:112:17-107
121-->src\main\AndroidManifest.xml:112:25-104
122            </intent-filter>
123        </receiver>
124
125        <meta-data
125-->[com.firebaseui:firebase-ui-auth:7.2.0] AndroidManifest.xml:16:9-18:69
126            android:name="com.google.android.gms.version"
126-->[com.firebaseui:firebase-ui-auth:7.2.0] AndroidManifest.xml:17:13-58
127            android:value="@integer/google_play_services_version" />
127-->[com.firebaseui:firebase-ui-auth:7.2.0] AndroidManifest.xml:18:13-66
128        <meta-data
128-->[com.firebaseui:firebase-ui-auth:7.2.0] AndroidManifest.xml:19:9-21:63
129            android:name="com.facebook.sdk.ApplicationId"
129-->[com.firebaseui:firebase-ui-auth:7.2.0] AndroidManifest.xml:20:13-58
130            android:value="@string/facebook_application_id" />
130-->[com.firebaseui:firebase-ui-auth:7.2.0] AndroidManifest.xml:21:13-60
131
132        <activity
132-->[com.firebaseui:firebase-ui-auth:7.2.0] AndroidManifest.xml:23:9-27:61
133            android:name="com.firebase.ui.auth.KickoffActivity"
133-->[com.firebaseui:firebase-ui-auth:7.2.0] AndroidManifest.xml:24:13-64
134            android:exported="false"
134-->[com.firebaseui:firebase-ui-auth:7.2.0] AndroidManifest.xml:25:13-37
135            android:label=""
135-->[com.firebaseui:firebase-ui-auth:7.2.0] AndroidManifest.xml:26:13-29
136            android:theme="@style/FirebaseUI.Transparent" />
136-->[com.firebaseui:firebase-ui-auth:7.2.0] AndroidManifest.xml:27:13-58
137        <activity
137-->[com.firebaseui:firebase-ui-auth:7.2.0] AndroidManifest.xml:28:9-32:61
138            android:name="com.firebase.ui.auth.ui.idp.SingleSignInActivity"
138-->[com.firebaseui:firebase-ui-auth:7.2.0] AndroidManifest.xml:29:13-76
139            android:exported="false"
139-->[com.firebaseui:firebase-ui-auth:7.2.0] AndroidManifest.xml:30:13-37
140            android:label=""
140-->[com.firebaseui:firebase-ui-auth:7.2.0] AndroidManifest.xml:31:13-29
141            android:theme="@style/FirebaseUI.Transparent" />
141-->[com.firebaseui:firebase-ui-auth:7.2.0] AndroidManifest.xml:32:13-58
142        <activity
142-->[com.firebaseui:firebase-ui-auth:7.2.0] AndroidManifest.xml:33:9-37:61
143            android:name="com.firebase.ui.auth.ui.credentials.CredentialSaveActivity"
143-->[com.firebaseui:firebase-ui-auth:7.2.0] AndroidManifest.xml:34:13-86
144            android:exported="false"
144-->[com.firebaseui:firebase-ui-auth:7.2.0] AndroidManifest.xml:35:13-37
145            android:label=""
145-->[com.firebaseui:firebase-ui-auth:7.2.0] AndroidManifest.xml:36:13-29
146            android:theme="@style/FirebaseUI.Transparent" />
146-->[com.firebaseui:firebase-ui-auth:7.2.0] AndroidManifest.xml:37:13-58
147        <activity
147-->[com.firebaseui:firebase-ui-auth:7.2.0] AndroidManifest.xml:38:9-42:58
148            android:name="com.firebase.ui.auth.ui.email.RecoverPasswordActivity"
148-->[com.firebaseui:firebase-ui-auth:7.2.0] AndroidManifest.xml:39:13-81
149            android:exported="false"
149-->[com.firebaseui:firebase-ui-auth:7.2.0] AndroidManifest.xml:40:13-37
150            android:label="@string/fui_title_recover_password_activity"
150-->[com.firebaseui:firebase-ui-auth:7.2.0] AndroidManifest.xml:41:13-72
151            android:windowSoftInputMode="adjustResize" />
151-->[com.firebaseui:firebase-ui-auth:7.2.0] AndroidManifest.xml:42:13-55
152        <activity
152-->[com.firebaseui:firebase-ui-auth:7.2.0] AndroidManifest.xml:43:9-47:58
153            android:name="com.firebase.ui.auth.ui.email.EmailActivity"
153-->[com.firebaseui:firebase-ui-auth:7.2.0] AndroidManifest.xml:44:13-71
154            android:exported="false"
154-->[com.firebaseui:firebase-ui-auth:7.2.0] AndroidManifest.xml:45:13-37
155            android:label="@string/fui_sign_in_default"
155-->[com.firebaseui:firebase-ui-auth:7.2.0] AndroidManifest.xml:46:13-56
156            android:windowSoftInputMode="adjustResize" />
156-->[com.firebaseui:firebase-ui-auth:7.2.0] AndroidManifest.xml:47:13-55
157        <activity
157-->[com.firebaseui:firebase-ui-auth:7.2.0] AndroidManifest.xml:48:9-52:77
158            android:name="com.firebase.ui.auth.ui.phone.PhoneActivity"
158-->[com.firebaseui:firebase-ui-auth:7.2.0] AndroidManifest.xml:49:13-71
159            android:exported="false"
159-->[com.firebaseui:firebase-ui-auth:7.2.0] AndroidManifest.xml:50:13-37
160            android:label="@string/fui_sign_in_with_phone_number"
160-->[com.firebaseui:firebase-ui-auth:7.2.0] AndroidManifest.xml:51:13-66
161            android:windowSoftInputMode="adjustResize|stateAlwaysVisible" />
161-->[com.firebaseui:firebase-ui-auth:7.2.0] AndroidManifest.xml:52:13-74
162        <activity
162-->[com.firebaseui:firebase-ui-auth:7.2.0] AndroidManifest.xml:53:9-57:58
163            android:name="com.firebase.ui.auth.ui.idp.WelcomeBackIdpPrompt"
163-->[com.firebaseui:firebase-ui-auth:7.2.0] AndroidManifest.xml:54:13-76
164            android:exported="false"
164-->[com.firebaseui:firebase-ui-auth:7.2.0] AndroidManifest.xml:55:13-37
165            android:label="@string/fui_title_welcome_back_idp_prompt"
165-->[com.firebaseui:firebase-ui-auth:7.2.0] AndroidManifest.xml:56:13-70
166            android:windowSoftInputMode="adjustResize" />
166-->[com.firebaseui:firebase-ui-auth:7.2.0] AndroidManifest.xml:57:13-55
167        <activity
167-->[com.firebaseui:firebase-ui-auth:7.2.0] AndroidManifest.xml:58:9-62:58
168            android:name="com.firebase.ui.auth.ui.email.WelcomeBackPasswordPrompt"
168-->[com.firebaseui:firebase-ui-auth:7.2.0] AndroidManifest.xml:59:13-83
169            android:exported="false"
169-->[com.firebaseui:firebase-ui-auth:7.2.0] AndroidManifest.xml:60:13-37
170            android:label="@string/fui_title_welcome_back_password_prompt"
170-->[com.firebaseui:firebase-ui-auth:7.2.0] AndroidManifest.xml:61:13-75
171            android:windowSoftInputMode="adjustResize" />
171-->[com.firebaseui:firebase-ui-auth:7.2.0] AndroidManifest.xml:62:13-55
172        <activity
172-->[com.firebaseui:firebase-ui-auth:7.2.0] AndroidManifest.xml:63:9-67:58
173            android:name="com.firebase.ui.auth.ui.email.WelcomeBackEmailLinkPrompt"
173-->[com.firebaseui:firebase-ui-auth:7.2.0] AndroidManifest.xml:64:13-84
174            android:exported="false"
174-->[com.firebaseui:firebase-ui-auth:7.2.0] AndroidManifest.xml:65:13-37
175            android:label="@string/fui_title_welcome_back_password_prompt"
175-->[com.firebaseui:firebase-ui-auth:7.2.0] AndroidManifest.xml:66:13-75
176            android:windowSoftInputMode="adjustResize" />
176-->[com.firebaseui:firebase-ui-auth:7.2.0] AndroidManifest.xml:67:13-55
177        <activity
177-->[com.firebaseui:firebase-ui-auth:7.2.0] AndroidManifest.xml:68:9-73:58
178            android:name="com.firebase.ui.auth.ui.email.EmailLinkCatcherActivity"
178-->[com.firebaseui:firebase-ui-auth:7.2.0] AndroidManifest.xml:69:13-82
179            android:exported="false"
179-->[com.firebaseui:firebase-ui-auth:7.2.0] AndroidManifest.xml:70:13-37
180            android:label=""
180-->[com.firebaseui:firebase-ui-auth:7.2.0] AndroidManifest.xml:71:13-29
181            android:theme="@style/FirebaseUI.Transparent"
181-->[com.firebaseui:firebase-ui-auth:7.2.0] AndroidManifest.xml:72:13-58
182            android:windowSoftInputMode="adjustResize" />
182-->[com.firebaseui:firebase-ui-auth:7.2.0] AndroidManifest.xml:73:13-55
183        <activity
183-->[com.firebaseui:firebase-ui-auth:7.2.0] AndroidManifest.xml:74:9-78:58
184            android:name="com.firebase.ui.auth.ui.email.EmailLinkErrorRecoveryActivity"
184-->[com.firebaseui:firebase-ui-auth:7.2.0] AndroidManifest.xml:75:13-88
185            android:exported="false"
185-->[com.firebaseui:firebase-ui-auth:7.2.0] AndroidManifest.xml:76:13-37
186            android:label="@string/fui_sign_in_default"
186-->[com.firebaseui:firebase-ui-auth:7.2.0] AndroidManifest.xml:77:13-56
187            android:windowSoftInputMode="adjustResize" />
187-->[com.firebaseui:firebase-ui-auth:7.2.0] AndroidManifest.xml:78:13-55
188        <activity
188-->[com.firebaseui:firebase-ui-auth:7.2.0] AndroidManifest.xml:79:9-82:65
189            android:name="com.firebase.ui.auth.ui.idp.AuthMethodPickerActivity"
189-->[com.firebaseui:firebase-ui-auth:7.2.0] AndroidManifest.xml:80:13-80
190            android:exported="false"
190-->[com.firebaseui:firebase-ui-auth:7.2.0] AndroidManifest.xml:81:13-37
191            android:label="@string/fui_default_toolbar_title" />
191-->[com.firebaseui:firebase-ui-auth:7.2.0] AndroidManifest.xml:82:13-62
192        <activity
192-->[com.firebaseui:firebase-ui-auth:7.2.0] AndroidManifest.xml:83:9-87:48
193            android:name="com.facebook.FacebookActivity"
193-->[com.firebaseui:firebase-ui-auth:7.2.0] AndroidManifest.xml:84:13-57
194            android:configChanges="keyboard|keyboardHidden|screenLayout|screenSize|orientation"
194-->[com.firebaseui:firebase-ui-auth:7.2.0] AndroidManifest.xml:85:13-96
195            android:label="@string/app_name" />
195-->[com.firebaseui:firebase-ui-auth:7.2.0] AndroidManifest.xml:86:13-45
196        <activity
196-->[com.firebaseui:firebase-ui-auth:7.2.0] AndroidManifest.xml:88:9-100:20
197            android:name="com.facebook.CustomTabActivity"
197-->[com.firebaseui:firebase-ui-auth:7.2.0] AndroidManifest.xml:89:13-58
198            android:exported="true" >
198-->[com.firebaseui:firebase-ui-auth:7.2.0] AndroidManifest.xml:90:13-36
199            <intent-filter>
199-->[com.firebaseui:firebase-ui-auth:7.2.0] AndroidManifest.xml:92:13-99:29
200                <action android:name="android.intent.action.VIEW" />
200-->[com.firebaseui:firebase-ui-auth:7.2.0] AndroidManifest.xml:93:17-69
200-->[com.firebaseui:firebase-ui-auth:7.2.0] AndroidManifest.xml:93:25-66
201
202                <category android:name="android.intent.category.DEFAULT" />
202-->[com.firebaseui:firebase-ui-auth:7.2.0] AndroidManifest.xml:95:17-76
202-->[com.firebaseui:firebase-ui-auth:7.2.0] AndroidManifest.xml:95:27-73
203                <category android:name="android.intent.category.BROWSABLE" />
203-->[com.firebaseui:firebase-ui-auth:7.2.0] AndroidManifest.xml:96:17-78
203-->[com.firebaseui:firebase-ui-auth:7.2.0] AndroidManifest.xml:96:27-75
204
205                <data android:scheme="@string/facebook_login_protocol_scheme" />
205-->[com.firebaseui:firebase-ui-auth:7.2.0] AndroidManifest.xml:98:17-81
205-->[com.firebaseui:firebase-ui-auth:7.2.0] AndroidManifest.xml:98:23-78
206            </intent-filter>
207        </activity>
208
209        <provider
209-->[com.firebaseui:firebase-ui-auth:7.2.0] AndroidManifest.xml:102:9-106:38
210            android:name="com.firebase.ui.auth.data.client.AuthUiInitProvider"
210-->[com.firebaseui:firebase-ui-auth:7.2.0] AndroidManifest.xml:103:13-79
211            android:authorities="com.maths.beyond_school_280720220930.authuiinitprovider"
211-->[com.firebaseui:firebase-ui-auth:7.2.0] AndroidManifest.xml:104:13-70
212            android:exported="false"
212-->[com.firebaseui:firebase-ui-auth:7.2.0] AndroidManifest.xml:105:13-37
213            android:initOrder="90" />
213-->[com.firebaseui:firebase-ui-auth:7.2.0] AndroidManifest.xml:106:13-35
214
215        <activity
215-->[com.google.firebase:firebase-auth:21.0.6] AndroidManifest.xml:27:9-44:20
216            android:name="com.google.firebase.auth.internal.GenericIdpActivity"
216-->[com.google.firebase:firebase-auth:21.0.6] AndroidManifest.xml:28:13-80
217            android:excludeFromRecents="true"
217-->[com.google.firebase:firebase-auth:21.0.6] AndroidManifest.xml:29:13-46
218            android:exported="true"
218-->[com.google.firebase:firebase-auth:21.0.6] AndroidManifest.xml:30:13-36
219            android:launchMode="singleTask"
219-->[com.google.firebase:firebase-auth:21.0.6] AndroidManifest.xml:31:13-44
220            android:theme="@android:style/Theme.Translucent.NoTitleBar" >
220-->[com.google.firebase:firebase-auth:21.0.6] AndroidManifest.xml:32:13-72
221            <intent-filter>
221-->[com.google.firebase:firebase-auth:21.0.6] AndroidManifest.xml:33:13-43:29
222                <action android:name="android.intent.action.VIEW" />
222-->[com.firebaseui:firebase-ui-auth:7.2.0] AndroidManifest.xml:93:17-69
222-->[com.firebaseui:firebase-ui-auth:7.2.0] AndroidManifest.xml:93:25-66
223
224                <category android:name="android.intent.category.DEFAULT" />
224-->[com.firebaseui:firebase-ui-auth:7.2.0] AndroidManifest.xml:95:17-76
224-->[com.firebaseui:firebase-ui-auth:7.2.0] AndroidManifest.xml:95:27-73
225                <category android:name="android.intent.category.BROWSABLE" />
225-->[com.firebaseui:firebase-ui-auth:7.2.0] AndroidManifest.xml:96:17-78
225-->[com.firebaseui:firebase-ui-auth:7.2.0] AndroidManifest.xml:96:27-75
226
227                <data
227-->[com.firebaseui:firebase-ui-auth:7.2.0] AndroidManifest.xml:98:17-81
228                    android:host="firebase.auth"
229                    android:path="/"
230                    android:scheme="genericidp" />
230-->[com.firebaseui:firebase-ui-auth:7.2.0] AndroidManifest.xml:98:23-78
231            </intent-filter>
232        </activity>
233        <activity
233-->[com.google.firebase:firebase-auth:21.0.6] AndroidManifest.xml:45:9-62:20
234            android:name="com.google.firebase.auth.internal.RecaptchaActivity"
234-->[com.google.firebase:firebase-auth:21.0.6] AndroidManifest.xml:46:13-79
235            android:excludeFromRecents="true"
235-->[com.google.firebase:firebase-auth:21.0.6] AndroidManifest.xml:47:13-46
236            android:exported="true"
236-->[com.google.firebase:firebase-auth:21.0.6] AndroidManifest.xml:48:13-36
237            android:launchMode="singleTask"
237-->[com.google.firebase:firebase-auth:21.0.6] AndroidManifest.xml:49:13-44
238            android:theme="@android:style/Theme.Translucent.NoTitleBar" >
238-->[com.google.firebase:firebase-auth:21.0.6] AndroidManifest.xml:50:13-72
239            <intent-filter>
239-->[com.google.firebase:firebase-auth:21.0.6] AndroidManifest.xml:51:13-61:29
240                <action android:name="android.intent.action.VIEW" />
240-->[com.firebaseui:firebase-ui-auth:7.2.0] AndroidManifest.xml:93:17-69
240-->[com.firebaseui:firebase-ui-auth:7.2.0] AndroidManifest.xml:93:25-66
241
242                <category android:name="android.intent.category.DEFAULT" />
242-->[com.firebaseui:firebase-ui-auth:7.2.0] AndroidManifest.xml:95:17-76
242-->[com.firebaseui:firebase-ui-auth:7.2.0] AndroidManifest.xml:95:27-73
243                <category android:name="android.intent.category.BROWSABLE" />
243-->[com.firebaseui:firebase-ui-auth:7.2.0] AndroidManifest.xml:96:17-78
243-->[com.firebaseui:firebase-ui-auth:7.2.0] AndroidManifest.xml:96:27-75
244
245                <data
245-->[com.firebaseui:firebase-ui-auth:7.2.0] AndroidManifest.xml:98:17-81
246                    android:host="firebase.auth"
247                    android:path="/"
248                    android:scheme="recaptcha" />
248-->[com.firebaseui:firebase-ui-auth:7.2.0] AndroidManifest.xml:98:23-78
249            </intent-filter>
250        </activity>
251
252        <service
252-->[com.google.firebase:firebase-auth:21.0.6] AndroidManifest.xml:64:9-70:19
253            android:name="com.google.firebase.components.ComponentDiscoveryService"
253-->[com.google.firebase:firebase-auth:21.0.6] AndroidManifest.xml:65:13-84
254            android:directBootAware="true"
254-->[com.google.firebase:firebase-common:20.1.1] AndroidManifest.xml:35:13-43
255            android:exported="false" >
255-->[com.google.firebase:firebase-auth:21.0.6] AndroidManifest.xml:66:13-37
256            <meta-data
256-->[com.google.firebase:firebase-auth:21.0.6] AndroidManifest.xml:67:13-69:85
257                android:name="com.google.firebase.components:com.google.firebase.auth.FirebaseAuthRegistrar"
257-->[com.google.firebase:firebase-auth:21.0.6] AndroidManifest.xml:68:17-109
258                android:value="com.google.firebase.components.ComponentRegistrar" />
258-->[com.google.firebase:firebase-auth:21.0.6] AndroidManifest.xml:69:17-82
259            <meta-data
259-->[com.google.firebase:firebase-firestore:24.2.1] AndroidManifest.xml:20:13-22:85
260                android:name="com.google.firebase.components:com.google.firebase.firestore.FirestoreRegistrar"
260-->[com.google.firebase:firebase-firestore:24.2.1] AndroidManifest.xml:21:17-111
261                android:value="com.google.firebase.components.ComponentRegistrar" />
261-->[com.google.firebase:firebase-firestore:24.2.1] AndroidManifest.xml:22:17-82
262            <meta-data
262-->[com.google.firebase:firebase-crashlytics:18.2.12] AndroidManifest.xml:18:13-20:85
263                android:name="com.google.firebase.components:com.google.firebase.crashlytics.CrashlyticsRegistrar"
263-->[com.google.firebase:firebase-crashlytics:18.2.12] AndroidManifest.xml:19:17-115
264                android:value="com.google.firebase.components.ComponentRegistrar" />
264-->[com.google.firebase:firebase-crashlytics:18.2.12] AndroidManifest.xml:20:17-82
265            <meta-data
265-->[com.google.firebase:firebase-storage:20.0.1] AndroidManifest.xml:33:13-35:85
266                android:name="com.google.firebase.components:com.google.firebase.storage.StorageRegistrar"
266-->[com.google.firebase:firebase-storage:20.0.1] AndroidManifest.xml:34:17-107
267                android:value="com.google.firebase.components.ComponentRegistrar" />
267-->[com.google.firebase:firebase-storage:20.0.1] AndroidManifest.xml:35:17-82
268            <meta-data
268-->[com.google.android.gms:play-services-measurement-api:21.1.0] AndroidManifest.xml:31:13-33:85
269                android:name="com.google.firebase.components:com.google.firebase.analytics.connector.internal.AnalyticsConnectorRegistrar"
269-->[com.google.android.gms:play-services-measurement-api:21.1.0] AndroidManifest.xml:32:17-139
270                android:value="com.google.firebase.components.ComponentRegistrar" />
270-->[com.google.android.gms:play-services-measurement-api:21.1.0] AndroidManifest.xml:33:17-82
271            <meta-data
271-->[com.google.firebase:firebase-installations:17.0.1] AndroidManifest.xml:18:13-20:85
272                android:name="com.google.firebase.components:com.google.firebase.installations.FirebaseInstallationsRegistrar"
272-->[com.google.firebase:firebase-installations:17.0.1] AndroidManifest.xml:19:17-127
273                android:value="com.google.firebase.components.ComponentRegistrar" />
273-->[com.google.firebase:firebase-installations:17.0.1] AndroidManifest.xml:20:17-82
274        </service>
275        <service
275-->[androidx.room:room-runtime:2.2.5] AndroidManifest.xml:25:9-28:40
276            android:name="androidx.room.MultiInstanceInvalidationService"
276-->[androidx.room:room-runtime:2.2.5] AndroidManifest.xml:26:13-74
277            android:directBootAware="true"
277-->[androidx.room:room-runtime:2.2.5] AndroidManifest.xml:27:13-43
278            android:exported="false" />